d:\workspace\gitkraken\simulationwithchai3d\examples\glfw\18-endoscope\obj\debug\win32\serial.obj
d:\workspace\gitkraken\simulationwithchai3d\examples\glfw\18-endoscope\obj\debug\win32\usartdevice.obj
d:\workspace\gitkraken\simulationwithchai3d\examples\glfw\18-endoscope\obj\debug\win32\test.obj
d:\workspace\gitkraken\simulationwithchai3d\examples\glfw\18-endoscope\obj\debug\win32\18-endoscope.obj
d:\workspace\gitkraken\simulationwithchai3d\examples\glfw\18-endoscope\obj\debug\win32\vc141.pdb
d:\workspace\gitkraken\tubitak-endoscope-simulation\examples\glfw\18-endoscope\obj\debug\win32\test.obj
d:\workspace\gitkraken\tubitak-endoscope-simulation\examples\glfw\18-endoscope\obj\debug\win32\usartdevice.obj
d:\workspace\gitkraken\tubitak-endoscope-simulation\examples\glfw\18-endoscope\obj\debug\win32\serial.obj
d:\workspace\gitkraken\tubitak-endoscope-simulation\examples\glfw\18-endoscope\obj\debug\win32\18-endoscope.obj
d:\workspace\gitkraken\tubitak-endoscope-simulation\examples\glfw\18-endoscope\obj\debug\win32\vc141.pdb
d:\workspace\gitkraken\simulationwithchai3d\bin\win-win32\18-endoscope.exe
d:\workspace\gitkraken\simulationwithchai3d\bin\win-win32\18-endoscope.ilk
d:\workspace\gitkraken\simulationwithchai3d\bin\win-win32\18-endoscope.pdb
d:\workspace\gitkraken\tubitak-endoscope-simulation\bin\win-win32\18-endoscope.exe
d:\workspace\gitkraken\tubitak-endoscope-simulation\bin\win-win32\18-endoscope.ilk
d:\workspace\gitkraken\tubitak-endoscope-simulation\bin\win-win32\18-endoscope.pdb
d:\workspace\gitkraken\tubitak-endoscope-simulation\examples\glfw\18-endoscope\../../../bin/win-win32/18-endoscope.exe
d:\workspace\gitkraken\tubitak-endoscope-simulation\examples\glfw\18-endoscope\obj\debug\win32\18-endoscope.tlog\cl.command.1.tlog
d:\workspace\gitkraken\tubitak-endoscope-simulation\examples\glfw\18-endoscope\obj\debug\win32\18-endoscope.tlog\cl.read.1.tlog
d:\workspace\gitkraken\tubitak-endoscope-simulation\examples\glfw\18-endoscope\obj\debug\win32\18-endoscope.tlog\cl.write.1.tlog
d:\workspace\gitkraken\tubitak-endoscope-simulation\examples\glfw\18-endoscope\obj\debug\win32\18-endoscope.tlog\link.command.1.tlog
d:\workspace\gitkraken\tubitak-endoscope-simulation\examples\glfw\18-endoscope\obj\debug\win32\18-endoscope.tlog\link.read.1.tlog
d:\workspace\gitkraken\tubitak-endoscope-simulation\examples\glfw\18-endoscope\obj\debug\win32\18-endoscope.tlog\link.write.1.tlog
